<?xml version="1.0" encoding="UTF-8"?>
<!-- Generated by org.testng.reporters.JUnitReportReporter -->
<testsuite hostname="Domashniy" failures="0" tests="1" name="Tests.TestAbilityToLogin" time="20.620" errors="0" timestamp="22 дек. 2019 18:45:51 GMT" skipped="0">
  <testcase classname="Tests.TestAbilityToLogin" name="login" time="20.620"/>
</testsuite> <!-- Tests.TestAbilityToLogin -->
