<?xml version="1.0" encoding="UTF-8"?>
<!-- Generated by org.testng.reporters.JUnitReportReporter -->
<testsuite hostname="Domashniy" failures="0" tests="4" name="Tests.TestAbilityToChangeCity" time="66.873" errors="0" timestamp="22 дек. 2019 18:45:51 GMT" skipped="0">
  <testcase classname="Tests.TestAbilityToChangeCity" name="changeCity" time="16.301"/>
  <testcase classname="Tests.TestAbilityToChangeCity" name="changeCity" time="16.562"/>
  <testcase classname="Tests.TestAbilityToChangeCity" name="changeCity" time="17.066"/>
  <testcase classname="Tests.TestAbilityToChangeCity" name="changeCity" time="16.944"/>
</testsuite> <!-- Tests.TestAbilityToChangeCity -->
